2020-04-11T00:48:29+00:00 DEBUG 
====Stripe Version: 4.3.3====
====Start Log====
Keys are not set correctly.
====End Log====


2020-04-11T00:57:09+00:00 DEBUG 
====Stripe Version: 4.3.3====
====Start Log====
Keys are not set correctly.
====End Log====


2020-04-11T15:28:34+00:00 DEBUG 
====Stripe Version: 4.3.3====
====Start Log====
Domain association file updated.
====End Log====


2020-04-11T15:28:34+00:00 DEBUG 
====Stripe Version: 4.3.3====
====Start Log====
Error: Unable to verify domain - missing secret key.
====End Log====


2020-04-11T15:30:31+00:00 DEBUG 
====Stripe Version: 4.3.3====
====Start Log====
Error: Unable to verify domain - missing secret key.
====End Log====


